
[2025-06-03T10:59:31.580669] === AGENT CYCLE ===
PERCEPTION:
{
  "plan": "",
  "tasks": "# Tasks\n\n- [ ] Create a healthy weekly menue and memories it\n\n...",
  "cron": "# Cron: Scheduled Routines\n\n- Daily: Review and prioritize tasks\n- Daily: Self-reflect and update se...",
  "human_input": "add the task of eating more chocolate...",
  "memory_keys": [
    "system",
    "knowledge",
    "tasks",
    "self_improvement",
    "new_task"
  ]
}

ACTIONS:
[]
==================================================

[2025-06-03T10:59:31.582293] === AGENT CYCLE ===
PERCEPTION:
{
  "plan": "",
  "tasks": "",
  "cron": "",
  "human_input": "",
  "memory_keys": []
}

ACTIONS:
[]
==================================================

[2025-06-03T11:00:24.015872] === AGENT CYCLE ===
PERCEPTION:
{
  "plan": "",
  "tasks": "# Tasks\n\n- [ ] Create a healthy weekly menue and memories it\n\n...",
  "cron": "# Cron: Scheduled Routines\n\n- Daily: Review and prioritize tasks\n- Daily: Self-reflect and update se...",
  "human_input": "add the task of eating more chocolate...",
  "memory_keys": [
    "system",
    "knowledge",
    "tasks",
    "self_improvement",
    "new_task"
  ]
}

ACTIONS:
[]
==================================================

[2025-06-03T11:00:24.017521] === AGENT CYCLE ===
PERCEPTION:
{
  "plan": "",
  "tasks": "",
  "cron": "",
  "human_input": "",
  "memory_keys": []
}

ACTIONS:
[]
==================================================

[2025-06-03T11:01:18.052086] === AGENT CYCLE ===
PERCEPTION:
{
  "plan": "",
  "tasks": "# Tasks\n\n- [ ] Create a healthy weekly menue and memories it\n\n...",
  "cron": "# Cron: Scheduled Routines\n\n- Daily: Review and prioritize tasks\n- Daily: Self-reflect and update se...",
  "human_input": "add the task of eating more chocolate...",
  "memory_keys": [
    "system",
    "knowledge",
    "tasks",
    "self_improvement",
    "new_task"
  ]
}

ACTIONS:
[]
==================================================

[2025-06-03T11:01:18.053937] === AGENT CYCLE ===
PERCEPTION:
{
  "plan": "",
  "tasks": "",
  "cron": "",
  "human_input": "",
  "memory_keys": []
}

ACTIONS:
[]
==================================================

[2025-06-03T11:02:11.558553] === AGENT CYCLE ===
PERCEPTION:
{
  "plan": "",
  "tasks": "# Tasks\n\n- [ ] Create a healthy weekly menue and memories it\n\n...",
  "cron": "# Cron: Scheduled Routines\n\n- Daily: Review and prioritize tasks\n- Daily: Self-reflect and update se...",
  "human_input": "read books...",
  "memory_keys": [
    "system",
    "knowledge",
    "tasks",
    "self_improvement",
    "new_task"
  ]
}

ACTIONS:
[]
==================================================

[2025-06-03T11:02:11.560870] === AGENT CYCLE ===
PERCEPTION:
{
  "plan": "",
  "tasks": "",
  "cron": "",
  "human_input": "",
  "memory_keys": []
}

ACTIONS:
[]
==================================================

[2025-06-03T11:02:58.418248] === AGENT CYCLE ===
PERCEPTION:
{
  "plan": "",
  "tasks": "# Tasks\n\n- [ ] Create a healthy weekly menue and memories it\n\n...",
  "cron": "# Cron: Scheduled Routines\n\n- Daily: Review and prioritize tasks\n- Daily: Self-reflect and update se...",
  "human_input": "read books...",
  "memory_keys": [
    "system",
    "knowledge",
    "tasks",
    "self_improvement",
    "new_task"
  ]
}

ACTIONS:
[]
==================================================

[2025-06-03T11:02:58.419882] === AGENT CYCLE ===
PERCEPTION:
{
  "plan": "",
  "tasks": "",
  "cron": "",
  "human_input": "",
  "memory_keys": []
}

ACTIONS:
[]
==================================================
